<?xml version="1.0" encoding="UTF-8"?>
<testsuite xmlns:xsi="http://www.w3.org/2001/XMLSchema-instance" xsi:noNamespaceSchemaLocation="https://maven.apache.org/surefire/maven-surefire-plugin/xsd/surefire-test-report.xsd" version="3.0.2" name="org.hotelhub.repositories.RepositoriesTest" time="4.497" tests="2" errors="0" skipped="0" failures="0">
  <properties>
[...]
</properties>
  <testcase name="shouldFindByAmenity" classname="org.hotelhub.repositories.RepositoriesTest" time="0.155">
    <system-out><![CDATA[2025-08-04T18:50:08.198+03:00  INFO 10732 --- [HotelHub] [           main] t.c.s.AnnotationConfigContextLoaderUtils : Could not detect default configuration classes for test class [org.hotelhub.repositories.RepositoriesTest]: RepositoriesTest does not declare any static, non-private, non-final, nested classes annotated with @Configuration.
2025-08-04T18:50:08.213+03:00  INFO 10732 --- [HotelHub] [           main] .b.t.c.SpringBootTestContextBootstrapper : Found @SpringBootConfiguration org.hotelhub.HotelHubApplication for test class org.hotelhub.repositories.RepositoriesTest

  .   ____          _            __ _ _
 /\\ / ___'_ __ _ _(_)_ __  __ _ \ \ \ \
( ( )\___ | '_ | '_| | '_ \/ _` | \ \ \ \
 \\/  ___)| |_)| | | | | || (_| |  ) ) ) )
  '  |____| .__|_| |_|_| |_\__, | / / / /
 =========|_|==============|___/=/_/_/_/

 :: Spring Boot ::                (v3.5.4)

2025-08-04T18:50:08.228+03:00  INFO 10732 --- [HotelHub] [           main] o.h.repositories.RepositoriesTest        : Starting RepositoriesTest using Java 24.0.1 with PID 10732 (started by dimon in D:\HotelHub)
2025-08-04T18:50:08.228+03:00  INFO 10732 --- [HotelHub] [           main] o.h.repositories.RepositoriesTest        : No active profile set, falling back to 1 default profile: "default"
2025-08-04T18:50:08.344+03:00  INFO 10732 --- [HotelHub] [           main] .s.d.r.c.RepositoryConfigurationDelegate : Bootstrapping Spring Data JPA repositories in DEFAULT mode.
2025-08-04T18:50:08.380+03:00  INFO 10732 --- [HotelHub] [           main] .s.d.r.c.RepositoryConfigurationDelegate : Finished Spring Data repository scanning in 27 ms. Found 1 JPA repository interface.
2025-08-04T18:50:08.526+03:00  INFO 10732 --- [HotelHub] [           main] com.zaxxer.hikari.HikariDataSource       : HikariPool-1 - Starting...
2025-08-04T18:50:08.656+03:00  INFO 10732 --- [HotelHub] [           main] com.zaxxer.hikari.pool.HikariPool        : HikariPool-1 - Added connection conn0: url=jdbc:h2:mem:hoteldb user=DMITRY
2025-08-04T18:50:08.658+03:00  INFO 10732 --- [HotelHub] [           main] com.zaxxer.hikari.HikariDataSource       : HikariPool-1 - Start completed.
2025-08-04T18:50:08.700+03:00  INFO 10732 --- [HotelHub] [           main] liquibase.database                       : Set default schema name to PUBLIC
2025-08-04T18:50:08.961+03:00  INFO 10732 --- [HotelHub] [           main] liquibase.changelog                      : Creating database history table with name: PUBLIC.DATABASECHANGELOG
2025-08-04T18:50:09.042+03:00  INFO 10732 --- [HotelHub] [           main] liquibase.changelog                      : Reading from PUBLIC.DATABASECHANGELOG
2025-08-04T18:50:09.051+03:00  INFO 10732 --- [HotelHub] [           main] liquibase.snapshot                       : Creating snapshot
2025-08-04T18:50:09.121+03:00  INFO 10732 --- [HotelHub] [           main] liquibase.lockservice                    : Successfully acquired change log lock
2025-08-04T18:50:09.122+03:00  INFO 10732 --- [HotelHub] [           main] liquibase.command                        : Using deploymentId: 4322608510
2025-08-04T18:50:09.123+03:00  INFO 10732 --- [HotelHub] [           main] liquibase.changelog                      : Reading from PUBLIC.DATABASECHANGELOG
2025-08-04T18:50:09.146+03:00  INFO 10732 --- [HotelHub] [           main] liquibase.ui                             : Running Changeset: db/changelog/db.changelog-master.yaml::1::dmitry
2025-08-04T18:50:09.156+03:00  INFO 10732 --- [HotelHub] [           main] liquibase.changelog                      : Table hotel created
2025-08-04T18:50:09.166+03:00  INFO 10732 --- [HotelHub] [           main] liquibase.changelog                      : Table amenities created
2025-08-04T18:50:09.166+03:00  INFO 10732 --- [HotelHub] [           main] liquibase.changelog                      : ChangeSet db/changelog/db.changelog-master.yaml::1::dmitry ran successfully in 19ms
2025-08-04T18:50:09.176+03:00  INFO 10732 --- [HotelHub] [           main] liquibase.util                           : UPDATE SUMMARY
2025-08-04T18:50:09.177+03:00  INFO 10732 --- [HotelHub] [           main] liquibase.util                           : Run:                          1
2025-08-04T18:50:09.177+03:00  INFO 10732 --- [HotelHub] [           main] liquibase.util                           : Previously run:               0
2025-08-04T18:50:09.177+03:00  INFO 10732 --- [HotelHub] [           main] liquibase.util                           : Filtered out:                 0
2025-08-04T18:50:09.177+03:00  INFO 10732 --- [HotelHub] [           main] liquibase.util                           : -------------------------------
2025-08-04T18:50:09.177+03:00  INFO 10732 --- [HotelHub] [           main] liquibase.util                           : Total change sets:            1
2025-08-04T18:50:09.177+03:00  INFO 10732 --- [HotelHub] [           main] liquibase.util                           : Update summary generated
2025-08-04T18:50:09.180+03:00  INFO 10732 --- [HotelHub] [           main] liquibase.command                        : Update command completed successfully.
2025-08-04T18:50:09.180+03:00  INFO 10732 --- [HotelHub] [           main] liquibase.ui                             : Liquibase: Update has been successful. Rows affected: 1
2025-08-04T18:50:09.181+03:00  INFO 10732 --- [HotelHub] [           main] liquibase.lockservice                    : Successfully released change log lock
2025-08-04T18:50:09.182+03:00  INFO 10732 --- [HotelHub] [           main] liquibase.command                        : Command execution complete
2025-08-04T18:50:10.765+03:00  INFO 10732 --- [HotelHub] [           main] o.hibernate.jpa.internal.util.LogHelper  : HHH000204: Processing PersistenceUnitInfo [name: default]
2025-08-04T18:50:10.810+03:00  INFO 10732 --- [HotelHub] [           main] org.hibernate.Version                    : HHH000412: Hibernate ORM core version 6.6.22.Final
2025-08-04T18:50:10.838+03:00  INFO 10732 --- [HotelHub] [           main] o.h.c.internal.RegionFactoryInitiator    : HHH000026: Second-level cache disabled
2025-08-04T18:50:10.937+03:00  INFO 10732 --- [HotelHub] [           main] o.s.o.j.p.SpringPersistenceUnitInfo      : No LoadTimeWeaver setup: ignoring JPA class transformer
2025-08-04T18:50:10.991+03:00  INFO 10732 --- [HotelHub] [           main] org.hibernate.orm.connections.pooling    : HHH10001005: Database info:
	Database JDBC URL [Connecting through datasource 'HikariDataSource (HikariPool-1)']
	Database driver: undefined/unknown
	Database version: 2.3.232
	Autocommit mode: undefined/unknown
	Isolation level: undefined/unknown
	Minimum pool size: undefined/unknown
	Maximum pool size: undefined/unknown
2025-08-04T18:50:11.528+03:00  INFO 10732 --- [HotelHub] [           main] o.h.e.t.j.p.i.JtaPlatformInitiator       : HHH000489: No JTA platform available (set 'hibernate.transaction.jta.platform' to enable JTA platform integration)
2025-08-04T18:50:11.530+03:00  INFO 10732 --- [HotelHub] [           main] j.LocalContainerEntityManagerFactoryBean : Initialized JPA EntityManagerFactory for persistence unit 'default'
2025-08-04T18:50:11.707+03:00  INFO 10732 --- [HotelHub] [           main] o.s.d.j.r.query.QueryEnhancerFactory     : Hibernate is in classpath; If applicable, HQL parser will be used.
2025-08-04T18:50:12.528+03:00  INFO 10732 --- [HotelHub] [           main] o.h.repositories.RepositoriesTest        : Started RepositoriesTest in 4.313 seconds (process running for 7.779)
Hibernate: 
    insert 
    into
        hotel
        (address_city, address_country, address_house_number, address_post_code, address_street, arrival_time_check_in, arrival_time_check_out, brand, contacts_email, contacts_phone, description, name, id) 
    values
        (?, ?, ?, ?, ?, ?, ?, ?, ?, ?, ?, ?, default)
Hibernate: 
    insert 
    into
        amenities
        (hotel_id, amenity) 
    values
        (?, ?)
Hibernate: 
    insert 
    into
        amenities
        (hotel_id, amenity) 
    values
        (?, ?)
Hibernate: 
    select
        h1_0.id,
        h1_0.address_city,
        h1_0.address_country,
        h1_0.address_house_number,
        h1_0.address_post_code,
        h1_0.address_street,
        h1_0.arrival_time_check_in,
        h1_0.arrival_time_check_out,
        h1_0.brand,
        h1_0.contacts_email,
        h1_0.contacts_phone,
        h1_0.description,
        h1_0.name 
    from
        hotel h1_0 
    where
        (
            ? is null 
            or lower(h1_0.name) like lower(('%'||?||'%')) escape ''
        ) 
        and (
            ? is null 
            or lower(h1_0.brand)=lower(?)
        ) 
        and (
            ? is null 
            or lower(h1_0.address_city)=lower(?)
        ) 
        and (
            ? is null 
            or lower(h1_0.address_country)=lower(?)
        ) 
        and (
            ? is null 
            or ? in (select
                a1_0.amenity 
            from
                amenities a1_0 
            where
                h1_0.id=a1_0.hotel_id)
        )
]]></system-out>
  </testcase>
  <testcase name="shouldFindByBrand" classname="org.hotelhub.repositories.RepositoriesTest" time="0.006">
    <system-out><![CDATA[Hibernate: 
    insert 
    into
        hotel
        (address_city, address_country, address_house_number, address_post_code, address_street, arrival_time_check_in, arrival_time_check_out, brand, contacts_email, contacts_phone, description, name, id) 
    values
        (?, ?, ?, ?, ?, ?, ?, ?, ?, ?, ?, ?, default)
Hibernate: 
    select
        h1_0.id,
        h1_0.address_city,
        h1_0.address_country,
        h1_0.address_house_number,
        h1_0.address_post_code,
        h1_0.address_street,
        h1_0.arrival_time_check_in,
        h1_0.arrival_time_check_out,
        h1_0.brand,
        h1_0.contacts_email,
        h1_0.contacts_phone,
        h1_0.description,
        h1_0.name 
    from
        hotel h1_0 
    where
        (
            ? is null 
            or lower(h1_0.name) like lower(('%'||?||'%')) escape ''
        ) 
        and (
            ? is null 
            or lower(h1_0.brand)=lower(?)
        ) 
        and (
            ? is null 
            or lower(h1_0.address_city)=lower(?)
        ) 
        and (
            ? is null 
            or lower(h1_0.address_country)=lower(?)
        ) 
        and (
            ? is null 
            or ? in (select
                a1_0.amenity 
            from
                amenities a1_0 
            where
                h1_0.id=a1_0.hotel_id)
        )
]]></system-out>
  </testcase>
</testsuite>